  main.cpp
C:\Users\desit\source\repos\CS-3113-Projects\P2 Pong\main.cpp(182,54): warning C4244: '+=': conversion from 'double' to 'T', possible loss of data
          with
          [
              T=float
          ]
C:\Users\desit\source\repos\CS-3113-Projects\P2 Pong\main.cpp(189,59): warning C4244: '+=': conversion from 'double' to 'T', possible loss of data
          with
          [
              T=float
          ]
C:\Users\desit\source\repos\CS-3113-Projects\P2 Pong\main.cpp(197,54): warning C4244: '-=': conversion from 'double' to 'T', possible loss of data
          with
          [
              T=float
          ]
C:\Users\desit\source\repos\CS-3113-Projects\P2 Pong\main.cpp(204,59): warning C4244: '+=': conversion from 'double' to 'T', possible loss of data
          with
          [
              T=float
          ]
C:\Users\desit\source\repos\CS-3113-Projects\P2 Pong\main.cpp(236,47): warning C4244: '+=': conversion from 'double' to 'T', possible loss of data
          with
          [
              T=float
          ]
  SDLProject.vcxproj -> C:\Users\desit\source\repos\CS-3113-Projects\P2 Pong\Debug\SDLProject.exe
